Using pre-set license

 COMMAND LINE ARGUMENTS:
/Applications/Unity/Hub/Editor/2020.3.10f1/Unity.app/Contents/MacOS/Unity
-adb2
-batchMode
-noUpm
-name
AssetImportWorker0
-projectPath
/Users/wooperworld/Desktop/UnityCreate/Punimaru2
-logFile
Logs/AssetImportWorker0.log
-srvPort
62705
Successfully changed project path to: /Users/wooperworld/Desktop/UnityCreate/Punimaru2
/Users/wooperworld/Desktop/UnityCreate/Punimaru2
Using Asset Import Pipeline V2.
Refreshing native plugins compatible for Editor in 69.65 ms, found 3 plugins.
Preloading 0 native plugins for Editor in 0.00 ms.
Initialize engine version: 2020.3.10f1 (297d780c91bc)
[Subsystems] Discovering subsystems at path /Applications/Unity/Hub/Editor/2020.3.10f1/Unity.app/Contents/Resources/UnitySubsystems
[Subsystems] Discovering subsystems at path /Users/wooperworld/Desktop/UnityCreate/Punimaru2/Assets
GfxDevice: creating device client; threaded=0
2022-01-20 10:49:35.688 Unity[18158:1038852] Color LCD preferred device: Intel(R) Iris(TM) Graphics 6000 (low power)
2022-01-20 10:49:35.688 Unity[18158:1038852] Metal devices available: 1
2022-01-20 10:49:35.688 Unity[18158:1038852] 0: Intel(R) Iris(TM) Graphics 6000 (low power)
2022-01-20 10:49:35.688 Unity[18158:1038852] Using device Intel(R) Iris(TM) Graphics 6000 (low power)
Initializing Metal device caps: Intel(R) Iris(TM) Graphics 6000
Initialize mono
Mono path[0] = '/Applications/Unity/Hub/Editor/2020.3.10f1/Unity.app/Contents/Managed'
Mono path[1] = '/Applications/Unity/Hub/Editor/2020.3.10f1/Unity.app/Contents/MonoBleedingEdge/lib/mono/unityjit'
Mono config path = '/Applications/Unity/Hub/Editor/2020.3.10f1/Unity.app/Contents/MonoBleedingEdge/etc'
Using monoOptions --debugger-agent=transport=dt_socket,embedding=1,server=y,suspend=n,address=127.0.0.1:56158
Begin MonoManager ReloadAssembly
Registering precompiled unity dll's ...
Register platform support module: /Applications/Unity/Hub/Editor/2020.3.10f1/Unity.app/Contents/PlaybackEngines/MacStandaloneSupport/UnityEditor.OSXStandalone.Extensions.dll
Registered in 0.004640 seconds.
Native extension for OSXStandalone target not found
Refreshing native plugins compatible for Editor in 73.98 ms, found 3 plugins.
Preloading 0 native plugins for Editor in 0.00 ms.
Mono: successfully reloaded assembly
- Completed reload, in 12.335 seconds
Platform modules already initialized, skipping
Registering precompiled user dll's ...
Registered in 0.020317 seconds.
Begin MonoManager ReloadAssembly
Native extension for OSXStandalone target not found
Refreshing native plugins compatible for Editor in 60.60 ms, found 3 plugins.
Preloading 0 native plugins for Editor in 0.00 ms.
Mono: successfully reloaded assembly
- Completed reload, in  2.112 seconds
Platform modules already initialized, skipping
========================================================================
Worker process is ready to serve import requests
Launching external process: /Applications/Unity/Hub/Editor/2020.3.10f1/Unity.app/Contents/Tools/UnityShaderCompiler
Launched and connected shader compiler UnityShaderCompiler after 0.06 seconds
Refreshing native plugins compatible for Editor in 0.69 ms, found 3 plugins.
Preloading 0 native plugins for Editor in 0.00 ms.
Unloading 2084 Unused Serialized files (Serialized files now loaded: 0)
System memory in use before: 170.5 MB.
System memory in use after: 170.5 MB.

Unloading 33 unused Assets to reduce memory usage. Loaded Objects now: 2517.
Total: 2.501134 ms (FindLiveObjects: 0.225076 ms CreateObjectMapping: 0.072939 ms MarkObjects: 2.036017 ms  DeleteObjects: 0.165894 ms)

========================================================================
Received Import Request.
  path: Assets/Scripts/GameSystem.cs
  artifactKey: Guid(a63cdd8cbfc1d44b786b5a96ebde0425) Importer(815301076,1909f56bfc062723c751e8b465ee728b)
Start importing Assets/Scripts/GameSystem.cs using Guid(a63cdd8cbfc1d44b786b5a96ebde0425) Importer(815301076,1909f56bfc062723c751e8b465ee728b)  -> (artifact id: 'c643e3e0db4a8c862da2a58f0928c837') in 0.606502 seconds
  Import took 0.614485 seconds .

========================================================================
Received Prepare
Registering precompiled user dll's ...
Registered in 0.006999 seconds.
Begin MonoManager ReloadAssembly
Native extension for OSXStandalone target not found
Refreshing native plugins compatible for Editor in 0.57 ms, found 3 plugins.
Preloading 0 native plugins for Editor in 0.00 ms.
Mono: successfully reloaded assembly
- Completed reload, in  2.012 seconds
Platform modules already initialized, skipping
Switching build target platform(2) subTarget(0) extendedPlatform(0) -> platform(9) subTarget(16777218) extendedPlatform(0)
Refreshing native plugins compatible for Editor in 0.74 ms, found 3 plugins.
Preloading 0 native plugins for Editor in 0.00 ms.
Unloading 2082 Unused Serialized files (Serialized files now loaded: 0)
System memory in use before: 175.3 MB.
System memory in use after: 175.3 MB.

Unloading 21 unused Assets to reduce memory usage. Loaded Objects now: 2521.
Total: 7.110335 ms (FindLiveObjects: 1.529681 ms CreateObjectMapping: 0.132950 ms MarkObjects: 4.985147 ms  DeleteObjects: 0.460777 ms)

AssetImportParameters requested are different than current active one (requested -> active):
  custom:graphics/normal-map-encoding: 01000000000000000000000000000000 -> 02000000000000000000000000000000
========================================================================
Received Prepare
Registering precompiled user dll's ...
Registered in 0.004862 seconds.
Begin MonoManager ReloadAssembly
Native extension for OSXStandalone target not found
Refreshing native plugins compatible for Editor in 1.11 ms, found 3 plugins.
Preloading 0 native plugins for Editor in 0.00 ms.
Mono: successfully reloaded assembly
- Completed reload, in  1.728 seconds
Platform modules already initialized, skipping
Switching build target platform(2) subTarget(0) extendedPlatform(0) -> platform(9) subTarget(16777218) extendedPlatform(0)
Refreshing native plugins compatible for Editor in 0.48 ms, found 3 plugins.
Preloading 0 native plugins for Editor in 0.00 ms.
Unloading 2082 Unused Serialized files (Serialized files now loaded: 0)
System memory in use before: 175.5 MB.
System memory in use after: 175.5 MB.

Unloading 21 unused Assets to reduce memory usage. Loaded Objects now: 2525.
Total: 4.761178 ms (FindLiveObjects: 0.797667 ms CreateObjectMapping: 0.260698 ms MarkObjects: 3.564673 ms  DeleteObjects: 0.135113 ms)

AssetImportParameters requested are different than current active one (requested -> active):
  custom:graphics/normal-map-encoding: 01000000000000000000000000000000 -> 02000000000000000000000000000000
========================================================================
Received Prepare
Registering precompiled user dll's ...
Registered in 0.012618 seconds.
Begin MonoManager ReloadAssembly
Native extension for OSXStandalone target not found
Refreshing native plugins compatible for Editor in 0.52 ms, found 3 plugins.
Preloading 0 native plugins for Editor in 0.00 ms.
Mono: successfully reloaded assembly
- Completed reload, in  2.366 seconds
Platform modules already initialized, skipping
Switching build target platform(2) subTarget(0) extendedPlatform(0) -> platform(9) subTarget(16777218) extendedPlatform(0)
Refreshing native plugins compatible for Editor in 0.50 ms, found 3 plugins.
Preloading 0 native plugins for Editor in 0.00 ms.
Unloading 2082 Unused Serialized files (Serialized files now loaded: 0)
System memory in use before: 175.9 MB.
System memory in use after: 175.8 MB.

Unloading 21 unused Assets to reduce memory usage. Loaded Objects now: 2529.
Total: 7.953415 ms (FindLiveObjects: 2.724379 ms CreateObjectMapping: 1.327499 ms MarkObjects: 3.765583 ms  DeleteObjects: 0.123449 ms)

AssetImportParameters requested are different than current active one (requested -> active):
  custom:graphics/normal-map-encoding: 01000000000000000000000000000000 -> 02000000000000000000000000000000
========================================================================
Received Prepare
Registering precompiled user dll's ...
Registered in 0.005314 seconds.
Begin MonoManager ReloadAssembly
Native extension for OSXStandalone target not found
Refreshing native plugins compatible for Editor in 0.52 ms, found 3 plugins.
Preloading 0 native plugins for Editor in 0.00 ms.
Mono: successfully reloaded assembly
- Completed reload, in  1.467 seconds
Platform modules already initialized, skipping
Switching build target platform(2) subTarget(0) extendedPlatform(0) -> platform(9) subTarget(16777218) extendedPlatform(0)
Refreshing native plugins compatible for Editor in 0.74 ms, found 3 plugins.
Preloading 0 native plugins for Editor in 0.00 ms.
Unloading 2082 Unused Serialized files (Serialized files now loaded: 0)
System memory in use before: 176.0 MB.
System memory in use after: 176.0 MB.

Unloading 21 unused Assets to reduce memory usage. Loaded Objects now: 2533.
Total: 2.640665 ms (FindLiveObjects: 0.211798 ms CreateObjectMapping: 0.070181 ms MarkObjects: 2.236439 ms  DeleteObjects: 0.121245 ms)

AssetImportParameters requested are different than current active one (requested -> active):
  custom:graphics/normal-map-encoding: 01000000000000000000000000000000 -> 02000000000000000000000000000000
========================================================================
Received Prepare
Registering precompiled user dll's ...
Registered in 0.013263 seconds.
Begin MonoManager ReloadAssembly
Native extension for OSXStandalone target not found
Refreshing native plugins compatible for Editor in 0.51 ms, found 3 plugins.
Preloading 0 native plugins for Editor in 0.00 ms.
Mono: successfully reloaded assembly
- Completed reload, in  1.611 seconds
Platform modules already initialized, skipping
Switching build target platform(2) subTarget(0) extendedPlatform(0) -> platform(9) subTarget(16777218) extendedPlatform(0)
Refreshing native plugins compatible for Editor in 0.52 ms, found 3 plugins.
Preloading 0 native plugins for Editor in 0.00 ms.
Unloading 2082 Unused Serialized files (Serialized files now loaded: 0)
System memory in use before: 176.2 MB.
System memory in use after: 176.2 MB.

Unloading 21 unused Assets to reduce memory usage. Loaded Objects now: 2537.
Total: 2.801973 ms (FindLiveObjects: 0.227046 ms CreateObjectMapping: 0.072696 ms MarkObjects: 2.348064 ms  DeleteObjects: 0.152998 ms)

AssetImportParameters requested are different than current active one (requested -> active):
  custom:graphics/normal-map-encoding: 01000000000000000000000000000000 -> 02000000000000000000000000000000
========================================================================
Received Prepare
Registering precompiled user dll's ...
Registered in 0.004188 seconds.
Begin MonoManager ReloadAssembly
Native extension for OSXStandalone target not found
Refreshing native plugins compatible for Editor in 0.51 ms, found 3 plugins.
Preloading 0 native plugins for Editor in 0.00 ms.
Mono: successfully reloaded assembly
- Completed reload, in  1.679 seconds
Platform modules already initialized, skipping
Switching build target platform(2) subTarget(0) extendedPlatform(0) -> platform(9) subTarget(16777218) extendedPlatform(0)
Refreshing native plugins compatible for Editor in 0.47 ms, found 3 plugins.
Preloading 0 native plugins for Editor in 0.00 ms.
Unloading 2082 Unused Serialized files (Serialized files now loaded: 0)
System memory in use before: 176.4 MB.
System memory in use after: 176.4 MB.

Unloading 21 unused Assets to reduce memory usage. Loaded Objects now: 2541.
Total: 2.877966 ms (FindLiveObjects: 0.370539 ms CreateObjectMapping: 0.106145 ms MarkObjects: 2.253416 ms  DeleteObjects: 0.146909 ms)

AssetImportParameters requested are different than current active one (requested -> active):
  custom:graphics/normal-map-encoding: 01000000000000000000000000000000 -> 02000000000000000000000000000000
========================================================================
Received Import Request.
  Time since last request: 10182.248308 seconds.
  path: Assets/Resources/ParamsSO.asset
  artifactKey: Guid(015ac04e840824f778a8444d7a478b39) Importer(815301076,1909f56bfc062723c751e8b465ee728b)
Start importing Assets/Resources/ParamsSO.asset using Guid(015ac04e840824f778a8444d7a478b39) Importer(815301076,1909f56bfc062723c751e8b465ee728b)  -> (artifact id: 'fa564f7a867b54714714229764f7d61b') in 1.407201 seconds
  Import took 1.419192 seconds .

========================================================================
Received Prepare
Registering precompiled user dll's ...
Registered in 0.025071 seconds.
Begin MonoManager ReloadAssembly
Native extension for OSXStandalone target not found
Refreshing native plugins compatible for Editor in 0.81 ms, found 3 plugins.
Preloading 0 native plugins for Editor in 0.00 ms.
Mono: successfully reloaded assembly
- Completed reload, in  2.668 seconds
Platform modules already initialized, skipping
Switching build target platform(2) subTarget(0) extendedPlatform(0) -> platform(9) subTarget(16777218) extendedPlatform(0)
Refreshing native plugins compatible for Editor in 0.48 ms, found 3 plugins.
Preloading 0 native plugins for Editor in 0.00 ms.
Unloading 2082 Unused Serialized files (Serialized files now loaded: 0)
System memory in use before: 180.9 MB.
System memory in use after: 180.9 MB.

Unloading 21 unused Assets to reduce memory usage. Loaded Objects now: 2545.
Total: 3.402706 ms (FindLiveObjects: 0.357394 ms CreateObjectMapping: 0.091454 ms MarkObjects: 2.759784 ms  DeleteObjects: 0.192354 ms)

AssetImportParameters requested are different than current active one (requested -> active):
  custom:graphics/normal-map-encoding: 01000000000000000000000000000000 -> 02000000000000000000000000000000
========================================================================
Received Import Request.
  Time since last request: 892.068680 seconds.
  path: Assets/prefabs/PointCanvas.prefab
  artifactKey: Guid(e674d3647d84b4642a549e46e44c97d8) Importer(815301076,1909f56bfc062723c751e8b465ee728b)
Start importing Assets/prefabs/PointCanvas.prefab using Guid(e674d3647d84b4642a549e46e44c97d8) Importer(815301076,1909f56bfc062723c751e8b465ee728b)  -> (artifact id: '563c5889d4c3c2dbcf412644af501e99') in 0.545277 seconds
  Import took 0.552801 seconds .

========================================================================
Received Prepare
Registering precompiled user dll's ...
Registered in 0.050040 seconds.
Begin MonoManager ReloadAssembly
Native extension for OSXStandalone target not found
Refreshing native plugins compatible for Editor in 1.09 ms, found 3 plugins.
Preloading 0 native plugins for Editor in 0.00 ms.
Mono: successfully reloaded assembly
- Completed reload, in  2.130 seconds
Platform modules already initialized, skipping
Switching build target platform(2) subTarget(0) extendedPlatform(0) -> platform(9) subTarget(16777218) extendedPlatform(0)
Refreshing native plugins compatible for Editor in 0.52 ms, found 3 plugins.
Preloading 0 native plugins for Editor in 0.00 ms.
Unloading 2082 Unused Serialized files (Serialized files now loaded: 0)
System memory in use before: 185.6 MB.
System memory in use after: 185.6 MB.

Unloading 21 unused Assets to reduce memory usage. Loaded Objects now: 2551.
Total: 10.468968 ms (FindLiveObjects: 1.211775 ms CreateObjectMapping: 0.569330 ms MarkObjects: 8.157358 ms  DeleteObjects: 0.527968 ms)

AssetImportParameters requested are different than current active one (requested -> active):
  custom:graphics/normal-map-encoding: 01000000000000000000000000000000 -> 02000000000000000000000000000000
========================================================================
Received Prepare
Registering precompiled user dll's ...
Registered in 0.009656 seconds.
Begin MonoManager ReloadAssembly
Native extension for OSXStandalone target not found
Refreshing native plugins compatible for Editor in 0.55 ms, found 3 plugins.
Preloading 0 native plugins for Editor in 0.00 ms.
Mono: successfully reloaded assembly
- Completed reload, in  1.956 seconds
Platform modules already initialized, skipping
Switching build target platform(2) subTarget(0) extendedPlatform(0) -> platform(9) subTarget(16777218) extendedPlatform(0)
Refreshing native plugins compatible for Editor in 0.64 ms, found 3 plugins.
Preloading 0 native plugins for Editor in 0.00 ms.
Unloading 2082 Unused Serialized files (Serialized files now loaded: 0)
System memory in use before: 185.8 MB.
System memory in use after: 185.8 MB.

Unloading 21 unused Assets to reduce memory usage. Loaded Objects now: 2555.
Total: 2.592846 ms (FindLiveObjects: 0.311003 ms CreateObjectMapping: 0.150381 ms MarkObjects: 1.992962 ms  DeleteObjects: 0.137636 ms)

AssetImportParameters requested are different than current active one (requested -> active):
  custom:graphics/normal-map-encoding: 01000000000000000000000000000000 -> 02000000000000000000000000000000
========================================================================
Received Import Request.
  Time since last request: 1477.874117 seconds.
  path: Assets/Scripts/PointEffect.cs
  artifactKey: Guid(2813ec97f7fc74d76ab37befbe118bcb) Importer(815301076,1909f56bfc062723c751e8b465ee728b)
Start importing Assets/Scripts/PointEffect.cs using Guid(2813ec97f7fc74d76ab37befbe118bcb) Importer(815301076,1909f56bfc062723c751e8b465ee728b)  -> (artifact id: '9149da19111224b51259aa26b02078bb') in 0.028052 seconds
  Import took 0.036015 seconds .

========================================================================
Received Prepare
Registering precompiled user dll's ...
Registered in 0.006913 seconds.
Begin MonoManager ReloadAssembly
Native extension for OSXStandalone target not found
Refreshing native plugins compatible for Editor in 0.52 ms, found 3 plugins.
Preloading 0 native plugins for Editor in 0.00 ms.
Mono: successfully reloaded assembly
- Completed reload, in  1.825 seconds
Platform modules already initialized, skipping
Switching build target platform(2) subTarget(0) extendedPlatform(0) -> platform(9) subTarget(16777218) extendedPlatform(0)
Refreshing native plugins compatible for Editor in 1.44 ms, found 3 plugins.
Preloading 0 native plugins for Editor in 0.00 ms.
Unloading 2083 Unused Serialized files (Serialized files now loaded: 0)
System memory in use before: 186.0 MB.
System memory in use after: 186.0 MB.

Unloading 21 unused Assets to reduce memory usage. Loaded Objects now: 2560.
Total: 4.706235 ms (FindLiveObjects: 0.383086 ms CreateObjectMapping: 0.258036 ms MarkObjects: 3.754926 ms  DeleteObjects: 0.307745 ms)

AssetImportParameters requested are different than current active one (requested -> active):
  custom:graphics/normal-map-encoding: 01000000000000000000000000000000 -> 02000000000000000000000000000000
========================================================================
Received Import Request.
  Time since last request: 19.852484 seconds.
  path: Assets/prefabs/PointCanvas.prefab
  artifactKey: Guid(e674d3647d84b4642a549e46e44c97d8) Importer(815301076,1909f56bfc062723c751e8b465ee728b)
Start importing Assets/prefabs/PointCanvas.prefab using Guid(e674d3647d84b4642a549e46e44c97d8) Importer(815301076,1909f56bfc062723c751e8b465ee728b)  -> (artifact id: '111ef444bdc0a5922f52532870075fa2') in 0.084569 seconds
  Import took 0.092862 seconds .

========================================================================
Received Prepare
Registering precompiled user dll's ...
Registered in 0.010125 seconds.
Begin MonoManager ReloadAssembly
Native extension for OSXStandalone target not found
Refreshing native plugins compatible for Editor in 0.88 ms, found 3 plugins.
Preloading 0 native plugins for Editor in 0.00 ms.
Mono: successfully reloaded assembly
- Completed reload, in  2.052 seconds
Platform modules already initialized, skipping
Switching build target platform(2) subTarget(0) extendedPlatform(0) -> platform(9) subTarget(16777218) extendedPlatform(0)
Refreshing native plugins compatible for Editor in 0.69 ms, found 3 plugins.
Preloading 0 native plugins for Editor in 0.00 ms.
Unloading 2083 Unused Serialized files (Serialized files now loaded: 0)
System memory in use before: 186.3 MB.
System memory in use after: 186.3 MB.

Unloading 21 unused Assets to reduce memory usage. Loaded Objects now: 2564.
Total: 2.754691 ms (FindLiveObjects: 0.336058 ms CreateObjectMapping: 0.083014 ms MarkObjects: 2.182373 ms  DeleteObjects: 0.152047 ms)

AssetImportParameters requested are different than current active one (requested -> active):
  custom:graphics/normal-map-encoding: 01000000000000000000000000000000 -> 02000000000000000000000000000000
========================================================================
Received Import Request.
  Time since last request: 9921.319750 seconds.
  path: Assets/Scripts/PointEffect.cs
  artifactKey: Guid(2813ec97f7fc74d76ab37befbe118bcb) Importer(815301076,1909f56bfc062723c751e8b465ee728b)
Start importing Assets/Scripts/PointEffect.cs using Guid(2813ec97f7fc74d76ab37befbe118bcb) Importer(815301076,1909f56bfc062723c751e8b465ee728b)  -> (artifact id: '26dc145bd403baaaa1133e27b2d15bb5') in 0.016960 seconds
  Import took 0.023742 seconds .

========================================================================
Received Prepare
Registering precompiled user dll's ...
Registered in 0.021684 seconds.
Begin MonoManager ReloadAssembly
Native extension for OSXStandalone target not found
Refreshing native plugins compatible for Editor in 0.49 ms, found 3 plugins.
Preloading 0 native plugins for Editor in 0.00 ms.
Mono: successfully reloaded assembly
- Completed reload, in  1.641 seconds
Platform modules already initialized, skipping
Switching build target platform(2) subTarget(0) extendedPlatform(0) -> platform(9) subTarget(16777218) extendedPlatform(0)
Refreshing native plugins compatible for Editor in 0.51 ms, found 3 plugins.
Preloading 0 native plugins for Editor in 0.00 ms.
Unloading 2083 Unused Serialized files (Serialized files now loaded: 0)
System memory in use before: 186.6 MB.
System memory in use after: 186.5 MB.

Unloading 21 unused Assets to reduce memory usage. Loaded Objects now: 2568.
Total: 2.951636 ms (FindLiveObjects: 0.235247 ms CreateObjectMapping: 0.073373 ms MarkObjects: 2.483345 ms  DeleteObjects: 0.158292 ms)

AssetImportParameters requested are different than current active one (requested -> active):
  custom:graphics/normal-map-encoding: 01000000000000000000000000000000 -> 02000000000000000000000000000000
========================================================================
Received Prepare
Registering precompiled user dll's ...
Registered in 0.016912 seconds.
Begin MonoManager ReloadAssembly
Native extension for OSXStandalone target not found
Refreshing native plugins compatible for Editor in 0.50 ms, found 3 plugins.
Preloading 0 native plugins for Editor in 0.00 ms.
Mono: successfully reloaded assembly
- Completed reload, in  1.951 seconds
Platform modules already initialized, skipping
Switching build target platform(2) subTarget(0) extendedPlatform(0) -> platform(9) subTarget(16777218) extendedPlatform(0)
Refreshing native plugins compatible for Editor in 0.77 ms, found 3 plugins.
Preloading 0 native plugins for Editor in 0.00 ms.
Unloading 2083 Unused Serialized files (Serialized files now loaded: 0)
System memory in use before: 186.8 MB.
System memory in use after: 186.8 MB.

Unloading 21 unused Assets to reduce memory usage. Loaded Objects now: 2572.
Total: 5.009661 ms (FindLiveObjects: 0.769125 ms CreateObjectMapping: 0.206842 ms MarkObjects: 3.781178 ms  DeleteObjects: 0.240602 ms)

AssetImportParameters requested are different than current active one (requested -> active):
  custom:graphics/normal-map-encoding: 01000000000000000000000000000000 -> 02000000000000000000000000000000
========================================================================
Received Prepare
Registering precompiled user dll's ...
Registered in 0.006802 seconds.
Begin MonoManager ReloadAssembly
Native extension for OSXStandalone target not found
Refreshing native plugins compatible for Editor in 0.70 ms, found 3 plugins.
Preloading 0 native plugins for Editor in 0.00 ms.
Mono: successfully reloaded assembly
- Completed reload, in  1.744 seconds
Platform modules already initialized, skipping
Switching build target platform(2) subTarget(0) extendedPlatform(0) -> platform(9) subTarget(16777218) extendedPlatform(0)
Refreshing native plugins compatible for Editor in 0.55 ms, found 3 plugins.
Preloading 0 native plugins for Editor in 0.00 ms.
Unloading 2083 Unused Serialized files (Serialized files now loaded: 0)
System memory in use before: 187.0 MB.
System memory in use after: 187.0 MB.

Unloading 21 unused Assets to reduce memory usage. Loaded Objects now: 2576.
Total: 3.703969 ms (FindLiveObjects: 0.246786 ms CreateObjectMapping: 0.073038 ms MarkObjects: 3.216811 ms  DeleteObjects: 0.165521 ms)

AssetImportParameters requested are different than current active one (requested -> active):
  custom:graphics/normal-map-encoding: 01000000000000000000000000000000 -> 02000000000000000000000000000000
========================================================================
Received Prepare
Registering precompiled user dll's ...
Registered in 0.007731 seconds.
Begin MonoManager ReloadAssembly
Native extension for OSXStandalone target not found
Refreshing native plugins compatible for Editor in 0.56 ms, found 3 plugins.
Preloading 0 native plugins for Editor in 0.00 ms.
Mono: successfully reloaded assembly
- Completed reload, in  1.752 seconds
Platform modules already initialized, skipping
Switching build target platform(2) subTarget(0) extendedPlatform(0) -> platform(9) subTarget(16777218) extendedPlatform(0)
Refreshing native plugins compatible for Editor in 0.71 ms, found 3 plugins.
Preloading 0 native plugins for Editor in 0.00 ms.
Unloading 2083 Unused Serialized files (Serialized files now loaded: 0)
System memory in use before: 187.2 MB.
System memory in use after: 187.2 MB.

Unloading 21 unused Assets to reduce memory usage. Loaded Objects now: 2580.
Total: 2.358772 ms (FindLiveObjects: 0.233451 ms CreateObjectMapping: 0.070863 ms MarkObjects: 1.915472 ms  DeleteObjects: 0.137773 ms)

AssetImportParameters requested are different than current active one (requested -> active):
  custom:graphics/normal-map-encoding: 01000000000000000000000000000000 -> 02000000000000000000000000000000
========================================================================
Received Prepare
Registering precompiled user dll's ...
Registered in 0.005630 seconds.
Begin MonoManager ReloadAssembly
Native extension for OSXStandalone target not found
Refreshing native plugins compatible for Editor in 0.48 ms, found 3 plugins.
Preloading 0 native plugins for Editor in 0.00 ms.
Mono: successfully reloaded assembly
- Completed reload, in  1.609 seconds
Platform modules already initialized, skipping
Switching build target platform(2) subTarget(0) extendedPlatform(0) -> platform(9) subTarget(16777218) extendedPlatform(0)
Refreshing native plugins compatible for Editor in 0.77 ms, found 3 plugins.
Preloading 0 native plugins for Editor in 0.00 ms.
Unloading 2083 Unused Serialized files (Serialized files now loaded: 0)
System memory in use before: 187.4 MB.
System memory in use after: 187.4 MB.

Unloading 21 unused Assets to reduce memory usage. Loaded Objects now: 2584.
Total: 2.457716 ms (FindLiveObjects: 0.241867 ms CreateObjectMapping: 0.072630 ms MarkObjects: 1.993796 ms  DeleteObjects: 0.148270 ms)

AssetImportParameters requested are different than current active one (requested -> active):
  custom:graphics/normal-map-encoding: 01000000000000000000000000000000 -> 02000000000000000000000000000000
========================================================================
Received Import Request.
  Time since last request: 1255.855775 seconds.
  path: Assets/prefabs/PointCanvas.prefab
  artifactKey: Guid(e674d3647d84b4642a549e46e44c97d8) Importer(815301076,1909f56bfc062723c751e8b465ee728b)
Start importing Assets/prefabs/PointCanvas.prefab using Guid(e674d3647d84b4642a549e46e44c97d8) Importer(815301076,1909f56bfc062723c751e8b465ee728b)  -> (artifact id: '2304c90ddd9a8cf377ac43238d6a11d3') in 0.056355 seconds
  Import took 0.066244 seconds .

========================================================================
Received Prepare
Registering precompiled user dll's ...
Registered in 0.006653 seconds.
Begin MonoManager ReloadAssembly
Native extension for OSXStandalone target not found
Refreshing native plugins compatible for Editor in 0.70 ms, found 3 plugins.
Preloading 0 native plugins for Editor in 0.00 ms.
Mono: successfully reloaded assembly
- Completed reload, in  1.960 seconds
Platform modules already initialized, skipping
Switching build target platform(2) subTarget(0) extendedPlatform(0) -> platform(9) subTarget(16777218) extendedPlatform(0)
Refreshing native plugins compatible for Editor in 0.52 ms, found 3 plugins.
Preloading 0 native plugins for Editor in 0.00 ms.
Unloading 2083 Unused Serialized files (Serialized files now loaded: 0)
System memory in use before: 187.6 MB.
System memory in use after: 187.6 MB.

Unloading 21 unused Assets to reduce memory usage. Loaded Objects now: 2588.
Total: 3.577249 ms (FindLiveObjects: 0.414699 ms CreateObjectMapping: 0.132537 ms MarkObjects: 2.819350 ms  DeleteObjects: 0.209086 ms)

AssetImportParameters requested are different than current active one (requested -> active):
  custom:graphics/normal-map-encoding: 01000000000000000000000000000000 -> 02000000000000000000000000000000
========================================================================
Received Import Request.
  Time since last request: 5.282094 seconds.
  path: Assets/prefabs/PointCanvas.prefab
  artifactKey: Guid(e674d3647d84b4642a549e46e44c97d8) Importer(815301076,1909f56bfc062723c751e8b465ee728b)
Start importing Assets/prefabs/PointCanvas.prefab using Guid(e674d3647d84b4642a549e46e44c97d8) Importer(815301076,1909f56bfc062723c751e8b465ee728b)  -> (artifact id: '3fd7fadaf5fdb545049a415f0f9e0429') in 0.040616 seconds
  Import took 0.048283 seconds .

========================================================================
Received Import Request.
  Time since last request: 5.016078 seconds.
  path: Assets/prefabs/PointCanvas.prefab
  artifactKey: Guid(e674d3647d84b4642a549e46e44c97d8) Importer(815301076,1909f56bfc062723c751e8b465ee728b)
Start importing Assets/prefabs/PointCanvas.prefab using Guid(e674d3647d84b4642a549e46e44c97d8) Importer(815301076,1909f56bfc062723c751e8b465ee728b)  -> (artifact id: '4943f835d03ed7dc218628b2d7748d07') in 0.010101 seconds
  Import took 0.025382 seconds .

========================================================================
Received Import Request.
  Time since last request: 2.432927 seconds.
  path: Assets/prefabs/PointCanvas.prefab
  artifactKey: Guid(e674d3647d84b4642a549e46e44c97d8) Importer(815301076,1909f56bfc062723c751e8b465ee728b)
Start importing Assets/prefabs/PointCanvas.prefab using Guid(e674d3647d84b4642a549e46e44c97d8) Importer(815301076,1909f56bfc062723c751e8b465ee728b)  -> (artifact id: '041e806d27d77ddd00880f635a21fadc') in 0.010506 seconds
  Import took 0.021006 seconds .

========================================================================
Received Import Request.
  Time since last request: 6.724038 seconds.
  path: Assets/prefabs/PointCanvas.prefab
  artifactKey: Guid(e674d3647d84b4642a549e46e44c97d8) Importer(815301076,1909f56bfc062723c751e8b465ee728b)
Start importing Assets/prefabs/PointCanvas.prefab using Guid(e674d3647d84b4642a549e46e44c97d8) Importer(815301076,1909f56bfc062723c751e8b465ee728b)  -> (artifact id: '746356d8d50733f5462cdaf88c6f1bcc') in 0.011717 seconds
  Import took 0.023064 seconds .

========================================================================
Received Prepare
Registering precompiled user dll's ...
Registered in 0.035249 seconds.
Begin MonoManager ReloadAssembly
Native extension for OSXStandalone target not found
Refreshing native plugins compatible for Editor in 0.93 ms, found 3 plugins.
Preloading 0 native plugins for Editor in 0.00 ms.
Mono: successfully reloaded assembly
- Completed reload, in  1.994 seconds
Platform modules already initialized, skipping
Switching build target platform(2) subTarget(0) extendedPlatform(0) -> platform(9) subTarget(16777218) extendedPlatform(0)
Refreshing native plugins compatible for Editor in 0.68 ms, found 3 plugins.
Preloading 0 native plugins for Editor in 0.00 ms.
Unloading 2083 Unused Serialized files (Serialized files now loaded: 0)
System memory in use before: 187.8 MB.
System memory in use after: 187.8 MB.

Unloading 21 unused Assets to reduce memory usage. Loaded Objects now: 2592.
Total: 3.523137 ms (FindLiveObjects: 0.913119 ms CreateObjectMapping: 0.235083 ms MarkObjects: 2.247691 ms  DeleteObjects: 0.124852 ms)

AssetImportParameters requested are different than current active one (requested -> active):
  custom:graphics/normal-map-encoding: 01000000000000000000000000000000 -> 02000000000000000000000000000000
